This file contains any messages produced by compilers while
running configure, to aid debugging if configure makes a mistake.

It was created by agg configure 0.1.0, which was
generated by GNU Autoconf 2.69.  Invocation command line was

  $ ./configure --prefix=/home/michael/Codes

## --------- ##
## Platform. ##
## --------- ##

hostname = michael.paraffinalia.co.uk
uname -m = x86_64
uname -r = 5.15.19
uname -s = Linux
uname -v = #1 SMP PREEMPT Wed Feb 2 01:50:51 CST 2022

/usr/bin/uname -p = Intel(R) Core(TM) i5-6200U CPU @ 2.30GHz
/bin/uname -X     = unknown

/bin/arch              = x86_64
/usr/bin/arch -k       = unknown
/usr/convex/getsysinfo = unknown
/usr/bin/hostinfo      = unknown
/bin/machine           = unknown
/usr/bin/oslevel       = unknown
/bin/universe          = unknown

PATH: /usr/local/texlive/2022/bin/x86_64-linux
PATH: /home/michael/bin
PATH: /opt/firefox
PATH: /home/michael/.scripts
PATH: /home/michael/Codes/bin
PATH: /opt/bin
PATH: /usr/local/bin
PATH: /usr/bin
PATH: /bin
PATH: /usr/games
PATH: /usr/lib64/qt5/bin
PATH: /usr/lib64/zulu-openjdk11/bin


## ----------- ##
## Core tests. ##
## ----------- ##

configure:2321: checking for a BSD-compatible install
configure:2389: result: /usr/bin/ginstall -c
configure:2400: checking whether build environment is sane
configure:2455: result: yes
configure:2606: checking for a thread-safe mkdir -p
configure:2645: result: /usr/bin/mkdir -p
configure:2652: checking for gawk
configure:2668: found /usr/bin/gawk
configure:2679: result: gawk
configure:2690: checking whether make sets $(MAKE)
configure:2712: result: yes
configure:2741: checking whether make supports nested variables
configure:2758: result: yes
configure:2939: checking build system type
configure:2953: result: x86_64-pc-linux-gnu
configure:2973: checking host system type
configure:2986: result: x86_64-pc-linux-gnu
configure:3027: checking how to print strings
configure:3054: result: printf
configure:3079: checking whether make supports the include directive
configure:3094: make -f confmf.GNU && cat confinc.out
this is the am__doit target
configure:3097: $? = 0
configure:3116: result: yes (GNU style)
configure:3186: checking for gcc
configure:3202: found /usr/bin/gcc
configure:3213: result: gcc
configure:3442: checking for C compiler version
configure:3451: gcc --version >&5
gcc (GCC) 11.2.0
Copyright (C) 2021 Free Software Foundation, Inc.
This is free software; see the source for copying conditions.  There is NO
warranty; not even for MERCHANTABILITY or FITNESS FOR A PARTICULAR PURPOSE.

configure:3462: $? = 0
configure:3451: gcc -v >&5
Reading specs from /usr/lib64/gcc/x86_64-slackware-linux/11.2.0/specs
COLLECT_GCC=gcc
COLLECT_LTO_WRAPPER=/usr/libexec/gcc/x86_64-slackware-linux/11.2.0/lto-wrapper
Target: x86_64-slackware-linux
Configured with: ../configure --prefix=/usr --libdir=/usr/lib64 --mandir=/usr/man --infodir=/usr/info --enable-shared --enable-bootstrap --enable-languages=ada,brig,c,c++,d,fortran,go,lto,objc,obj-c++ --enable-threads=posix --enable-checking=release --enable-objc-gc --with-system-zlib --enable-libstdcxx-dual-abi --with-default-libstdcxx-abi=new --disable-libstdcxx-pch --disable-libunwind-exceptions --enable-__cxa_atexit --disable-libssp --enable-gnu-unique-object --enable-plugin --enable-lto --disable-install-libiberty --disable-werror --with-gnu-ld --with-isl --verbose --with-arch-directory=amd64 --disable-gtktest --enable-clocale=gnu --disable-multilib --target=x86_64-slackware-linux --build=x86_64-slackware-linux --host=x86_64-slackware-linux
Thread model: posix
Supported LTO compression algorithms: zlib zstd
gcc version 11.2.0 (GCC) 
configure:3462: $? = 0
configure:3451: gcc -V >&5
gcc: error: unrecognized command-line option '-V'
gcc: fatal error: no input files
compilation terminated.
configure:3462: $? = 1
configure:3451: gcc -qversion >&5
gcc: error: unrecognized command-line option '-qversion'; did you mean '--version'?
gcc: fatal error: no input files
compilation terminated.
configure:3462: $? = 1
configure:3482: checking whether the C compiler works
configure:3504: gcc -g -O0   conftest.c  >&5
configure:3508: $? = 0
configure:3556: result: yes
configure:3559: checking for C compiler default output file name
configure:3561: result: a.out
configure:3567: checking for suffix of executables
configure:3574: gcc -o conftest -g -O0   conftest.c  >&5
configure:3578: $? = 0
configure:3600: result: 
configure:3622: checking whether we are cross compiling
configure:3630: gcc -o conftest -g -O0   conftest.c  >&5
configure:3634: $? = 0
configure:3641: ./conftest
configure:3645: $? = 0
configure:3660: result: no
configure:3665: checking for suffix of object files
configure:3687: gcc -c -g -O0  conftest.c >&5
configure:3691: $? = 0
configure:3712: result: o
configure:3716: checking whether we are using the GNU C compiler
configure:3735: gcc -c -g -O0  conftest.c >&5
configure:3735: $? = 0
configure:3744: result: yes
configure:3753: checking whether gcc accepts -g
configure:3773: gcc -c -g  conftest.c >&5
configure:3773: $? = 0
configure:3814: result: yes
configure:3831: checking for gcc option to accept ISO C89
configure:3894: gcc  -c -g -O0  conftest.c >&5
configure:3894: $? = 0
configure:3907: result: none needed
configure:3932: checking whether gcc understands -c and -o together
configure:3954: gcc -c conftest.c -o conftest2.o
configure:3957: $? = 0
configure:3954: gcc -c conftest.c -o conftest2.o
configure:3957: $? = 0
configure:3969: result: yes
configure:3988: checking dependency style of gcc
configure:4099: result: gcc3
configure:4114: checking for a sed that does not truncate output
configure:4178: result: /usr/bin/sed
configure:4196: checking for grep that handles long lines and -e
configure:4254: result: /usr/bin/grep
configure:4259: checking for egrep
configure:4321: result: /usr/bin/grep -E
configure:4326: checking for fgrep
configure:4388: result: /usr/bin/grep -F
configure:4423: checking for ld used by gcc
configure:4490: result: /usr/bin/ld
configure:4497: checking if the linker (/usr/bin/ld) is GNU ld
configure:4512: result: yes
configure:4524: checking for BSD- or MS-compatible name lister (nm)
configure:4578: result: /usr/bin/nm -B
configure:4708: checking the name lister (/usr/bin/nm -B) interface
configure:4715: gcc -c -g -O0  conftest.c >&5
configure:4718: /usr/bin/nm -B "conftest.o"
configure:4721: output
0000000000000000 B some_variable
configure:4728: result: BSD nm
configure:4731: checking whether ln -s works
configure:4735: result: yes
configure:4743: checking the maximum length of command line arguments
configure:4874: result: 1572864
configure:4922: checking how to convert x86_64-pc-linux-gnu file names to x86_64-pc-linux-gnu format
configure:4962: result: func_convert_file_noop
configure:4969: checking how to convert x86_64-pc-linux-gnu file names to toolchain format
configure:4989: result: func_convert_file_noop
configure:4996: checking for /usr/bin/ld option to reload object files
configure:5003: result: -r
configure:5077: checking for objdump
configure:5093: found /usr/bin/objdump
configure:5104: result: objdump
configure:5136: checking how to recognize dependent libraries
configure:5336: result: pass_all
configure:5421: checking for dlltool
configure:5437: found /usr/bin/dlltool
configure:5448: result: dlltool
configure:5481: checking how to associate runtime and link libraries
configure:5508: result: printf %s\n
configure:5569: checking for ar
configure:5585: found /usr/bin/ar
configure:5596: result: ar
configure:5633: checking for archiver @FILE support
configure:5650: gcc -c -g -O0  conftest.c >&5
configure:5650: $? = 0
configure:5653: ar cru libconftest.a @conftest.lst >&5
configure:5656: $? = 0
configure:5661: ar cru libconftest.a @conftest.lst >&5
ar: conftest.o: No such file or directory
configure:5664: $? = 1
configure:5676: result: @
configure:5734: checking for strip
configure:5750: found /usr/bin/strip
configure:5761: result: strip
configure:5833: checking for ranlib
configure:5849: found /usr/bin/ranlib
configure:5860: result: ranlib
configure:5962: checking command to parse /usr/bin/nm -B output from gcc object
configure:6115: gcc -c -g -O0  conftest.c >&5
configure:6118: $? = 0
configure:6122: /usr/bin/nm -B conftest.o \| sed -n -e 's/^.*[ ]\([ABCDGIRSTW][ABCDGIRSTW]*\)[ ][ ]*\([_A-Za-z][_A-Za-z0-9]*\)$/\1 \2 \2/p' | sed '/ __gnu_lto/d' \> conftest.nm
configure:6125: $? = 0
configure:6191: gcc -o conftest -g -O0   conftest.c conftstm.o >&5
configure:6194: $? = 0
configure:6232: result: ok
configure:6279: checking for sysroot
configure:6309: result: no
configure:6316: checking for a working dd
configure:6354: result: /usr/bin/dd
configure:6358: checking how to truncate binary pipes
configure:6373: result: /usr/bin/dd bs=4096 count=1
configure:6509: gcc -c -g -O0  conftest.c >&5
configure:6512: $? = 0
configure:6702: checking for mt
configure:6718: found /bin/mt
configure:6729: result: mt
configure:6752: checking if mt is a manifest tool
configure:6758: mt '-?'
usage: mt [-v] [--version] [-h] [ -f device ] command [ count ]
default tape device: /dev/tape
configure:6766: result: no
configure:7443: checking how to run the C preprocessor
configure:7474: gcc -E  conftest.c
configure:7474: $? = 0
configure:7488: gcc -E  conftest.c
conftest.c:11:10: fatal error: ac_nonexistent.h: No such file or directory
   11 | #include <ac_nonexistent.h>
      |          ^~~~~~~~~~~~~~~~~~
compilation terminated.
configure:7488: $? = 1
configure: failed program was:
| /* confdefs.h */
| #define PACKAGE_NAME "agg"
| #define PACKAGE_TARNAME "agg"
| #define PACKAGE_VERSION "0.1.0"
| #define PACKAGE_STRING "agg 0.1.0"
| #define PACKAGE_BUGREPORT "codes@paraffinalia.co.uk"
| #define PACKAGE_URL ""
| #define PACKAGE "agg"
| #define VERSION "0.1.0"
| /* end confdefs.h.  */
| #include <ac_nonexistent.h>
configure:7513: result: gcc -E
configure:7533: gcc -E  conftest.c
configure:7533: $? = 0
configure:7547: gcc -E  conftest.c
conftest.c:11:10: fatal error: ac_nonexistent.h: No such file or directory
   11 | #include <ac_nonexistent.h>
      |          ^~~~~~~~~~~~~~~~~~
compilation terminated.
configure:7547: $? = 1
configure: failed program was:
| /* confdefs.h */
| #define PACKAGE_NAME "agg"
| #define PACKAGE_TARNAME "agg"
| #define PACKAGE_VERSION "0.1.0"
| #define PACKAGE_STRING "agg 0.1.0"
| #define PACKAGE_BUGREPORT "codes@paraffinalia.co.uk"
| #define PACKAGE_URL ""
| #define PACKAGE "agg"
| #define VERSION "0.1.0"
| /* end confdefs.h.  */
| #include <ac_nonexistent.h>
configure:7576: checking for ANSI C header files
configure:7596: gcc -c -g -O0  conftest.c >&5
configure:7596: $? = 0
configure:7669: gcc -o conftest -g -O0   conftest.c  >&5
configure:7669: $? = 0
configure:7669: ./conftest
configure:7669: $? = 0
configure:7680: result: yes
configure:7693: checking for sys/types.h
configure:7693: gcc -c -g -O0  conftest.c >&5
configure:7693: $? = 0
configure:7693: result: yes
configure:7693: checking for sys/stat.h
configure:7693: gcc -c -g -O0  conftest.c >&5
configure:7693: $? = 0
configure:7693: result: yes
configure:7693: checking for stdlib.h
configure:7693: gcc -c -g -O0  conftest.c >&5
configure:7693: $? = 0
configure:7693: result: yes
configure:7693: checking for string.h
configure:7693: gcc -c -g -O0  conftest.c >&5
configure:7693: $? = 0
configure:7693: result: yes
configure:7693: checking for memory.h
configure:7693: gcc -c -g -O0  conftest.c >&5
configure:7693: $? = 0
configure:7693: result: yes
configure:7693: checking for strings.h
configure:7693: gcc -c -g -O0  conftest.c >&5
configure:7693: $? = 0
configure:7693: result: yes
configure:7693: checking for inttypes.h
configure:7693: gcc -c -g -O0  conftest.c >&5
configure:7693: $? = 0
configure:7693: result: yes
configure:7693: checking for stdint.h
configure:7693: gcc -c -g -O0  conftest.c >&5
configure:7693: $? = 0
configure:7693: result: yes
configure:7693: checking for unistd.h
configure:7693: gcc -c -g -O0  conftest.c >&5
configure:7693: $? = 0
configure:7693: result: yes
configure:7707: checking for dlfcn.h
configure:7707: gcc -c -g -O0  conftest.c >&5
configure:7707: $? = 0
configure:7707: result: yes
configure:7963: checking for objdir
configure:7978: result: .libs
configure:8242: checking if gcc supports -fno-rtti -fno-exceptions
configure:8260: gcc -c -g -O0  -fno-rtti -fno-exceptions conftest.c >&5
cc1: warning: command-line option '-fno-rtti' is valid for C++/D/ObjC++ but not for C
configure:8264: $? = 0
configure:8277: result: no
configure:8635: checking for gcc option to produce PIC
configure:8642: result: -fPIC -DPIC
configure:8650: checking if gcc PIC flag -fPIC -DPIC works
configure:8668: gcc -c -g -O0  -fPIC -DPIC -DPIC conftest.c >&5
configure:8672: $? = 0
configure:8685: result: yes
configure:8714: checking if gcc static flag -static works
configure:8742: result: yes
configure:8757: checking if gcc supports -c -o file.o
configure:8778: gcc -c -g -O0  -o out/conftest2.o conftest.c >&5
configure:8782: $? = 0
configure:8804: result: yes
configure:8812: checking if gcc supports -c -o file.o
configure:8859: result: yes
configure:8892: checking whether the gcc linker (/usr/bin/ld -m elf_x86_64) supports shared libraries
configure:10151: result: yes
configure:10188: checking whether -lc should be explicitly linked in
configure:10196: gcc -c -g -O0  conftest.c >&5
configure:10199: $? = 0
configure:10214: gcc -shared  -fPIC -DPIC conftest.o  -v -Wl,-soname -Wl,conftest -o conftest 2\>\&1 \| /usr/bin/grep  -lc  \>/dev/null 2\>\&1
configure:10217: $? = 0
configure:10231: result: no
configure:10391: checking dynamic linker characteristics
configure:10972: gcc -o conftest -g -O0   -Wl,-rpath -Wl,/foo conftest.c  >&5
configure:10972: $? = 0
configure:11209: result: GNU/Linux ld.so
configure:11331: checking how to hardcode library paths into programs
configure:11356: result: immediate
configure:11904: checking whether stripping libraries is possible
configure:11909: result: yes
configure:11944: checking if libtool supports shared libraries
configure:11946: result: yes
configure:11949: checking whether to build shared libraries
configure:11974: result: yes
configure:11977: checking whether to build static libraries
configure:11981: result: yes
configure:12072: checking for gcc
configure:12099: result: gcc
configure:12328: checking for C compiler version
configure:12337: gcc --version >&5
gcc (GCC) 11.2.0
Copyright (C) 2021 Free Software Foundation, Inc.
This is free software; see the source for copying conditions.  There is NO
warranty; not even for MERCHANTABILITY or FITNESS FOR A PARTICULAR PURPOSE.

configure:12348: $? = 0
configure:12337: gcc -v >&5
Reading specs from /usr/lib64/gcc/x86_64-slackware-linux/11.2.0/specs
COLLECT_GCC=gcc
COLLECT_LTO_WRAPPER=/usr/libexec/gcc/x86_64-slackware-linux/11.2.0/lto-wrapper
Target: x86_64-slackware-linux
Configured with: ../configure --prefix=/usr --libdir=/usr/lib64 --mandir=/usr/man --infodir=/usr/info --enable-shared --enable-bootstrap --enable-languages=ada,brig,c,c++,d,fortran,go,lto,objc,obj-c++ --enable-threads=posix --enable-checking=release --enable-objc-gc --with-system-zlib --enable-libstdcxx-dual-abi --with-default-libstdcxx-abi=new --disable-libstdcxx-pch --disable-libunwind-exceptions --enable-__cxa_atexit --disable-libssp --enable-gnu-unique-object --enable-plugin --enable-lto --disable-install-libiberty --disable-werror --with-gnu-ld --with-isl --verbose --with-arch-directory=amd64 --disable-gtktest --enable-clocale=gnu --disable-multilib --target=x86_64-slackware-linux --build=x86_64-slackware-linux --host=x86_64-slackware-linux
Thread model: posix
Supported LTO compression algorithms: zlib zstd
gcc version 11.2.0 (GCC) 
configure:12348: $? = 0
configure:12337: gcc -V >&5
gcc: error: unrecognized command-line option '-V'
gcc: fatal error: no input files
compilation terminated.
configure:12348: $? = 1
configure:12337: gcc -qversion >&5
gcc: error: unrecognized command-line option '-qversion'; did you mean '--version'?
gcc: fatal error: no input files
compilation terminated.
configure:12348: $? = 1
configure:12352: checking whether we are using the GNU C compiler
configure:12380: result: yes
configure:12389: checking whether gcc accepts -g
configure:12450: result: yes
configure:12467: checking for gcc option to accept ISO C89
configure:12543: result: none needed
configure:12568: checking whether gcc understands -c and -o together
configure:12605: result: yes
configure:12624: checking dependency style of gcc
configure:12735: result: gcc3
configure:12759: checking for gawk
configure:12786: result: gawk
configure:12797: checking for library containing strerror
configure:12828: gcc -o conftest -g -O0 -Wall -Werror-implicit-function-declaration -Wstrict-prototypes -Wmissing-prototypes -Wmissing-declarations -D_GNU_SOURCE   conftest.c  >&5
conftest.c:30:1: warning: function declaration isn't a prototype [-Wstrict-prototypes]
   30 | char strerror ();
      | ^~~~
conftest.c:32:1: warning: function declaration isn't a prototype [-Wstrict-prototypes]
   32 | main ()
      | ^~~~
configure:12828: $? = 0
configure:12845: result: none required
configure:12853: checking for ANSI C header files
configure:12957: result: yes
configure:13055: checking for pkg-config
configure:13073: found /usr/bin/pkg-config
configure:13085: result: /usr/bin/pkg-config
configure:13110: checking pkg-config is at least version 0.16
configure:13113: result: yes
configure:13131: checking for glib-2.0 >= 2.4.0 gthread-2.0 gmodule-2.0
configure:13138: $PKG_CONFIG --exists --print-errors "$pkg_config_args"
configure:13141: $? = 0
configure:13155: $PKG_CONFIG --exists --print-errors "$pkg_config_args"
configure:13158: $? = 0
configure:13196: result: yes
configure:13206: $PKG_CONFIG --exists --print-errors "glib-2.0"
configure:13209: $? = 0
configure:13229: $PKG_CONFIG --exists --print-errors "glib-2.0"
configure:13232: $? = 0
configure:13252: $PKG_CONFIG --exists --print-errors "glib-2.0"
configure:13255: $? = 0
configure:13275: $PKG_CONFIG --exists --print-errors "gio-2.0"
configure:13278: $? = 0
configure:13294: checking for GLIB - version >= 2.4.0
configure:13399: gcc -o conftest -g -O0 -Wall -Werror-implicit-function-declaration -Wstrict-prototypes -Wmissing-prototypes -Wmissing-declarations -D_GNU_SOURCE -pthread -I/usr/include/glib-2.0 -I/usr/lib64/glib-2.0/include   conftest.c -lgthread-2.0 -pthread -Wl,--export-dynamic -lgmodule-2.0 -pthread -lglib-2.0  >&5
configure:13399: $? = 0
configure:13399: ./conftest
configure:13399: $? = 0
configure:13413: result: yes (version 2.70.3)
configure:13816: checking for blaswrap-config
configure:13832: found /home/michael/Codes/bin/blaswrap-config
configure:13844: result: yes
configure:13879: checking for gcc __builtin_cpu_init function
configure:13902: gcc -o conftest -g -O0 -Wall -Werror-implicit-function-declaration -Wstrict-prototypes -Wmissing-prototypes -Wmissing-declarations -D_GNU_SOURCE   conftest.c  >&5
conftest.c:27:1: warning: function declaration isn't a prototype [-Wstrict-prototypes]
   27 | main ()
      | ^~~~
configure:13902: $? = 0
configure:13902: ./conftest
configure:13902: $? = 0
configure:13912: result: yes
configure:13927: checking for x86 avx instruction support
configure:13953: gcc -o conftest -g -O0 -Wall -Werror-implicit-function-declaration -Wstrict-prototypes -Wmissing-prototypes -Wmissing-declarations -D_GNU_SOURCE   conftest.c  >&5
conftest.c:27:1: warning: function declaration isn't a prototype [-Wstrict-prototypes]
   27 | main ()
      | ^~~~
configure:13953: $? = 0
configure:13953: ./conftest
configure:13953: $? = 0
configure:13965: result: yes
configure:13990: checking for x86 avx2 instruction support
configure:14016: gcc -o conftest -g -O0 -Wall -Werror-implicit-function-declaration -Wstrict-prototypes -Wmissing-prototypes -Wmissing-declarations -D_GNU_SOURCE   conftest.c  >&5
conftest.c:28:1: warning: function declaration isn't a prototype [-Wstrict-prototypes]
   28 | main ()
      | ^~~~
configure:14016: $? = 0
configure:14016: ./conftest
configure:14016: $? = 0
configure:14028: result: yes
configure:14053: checking for x86 fma instruction support
configure:14079: gcc -o conftest -g -O0 -Wall -Werror-implicit-function-declaration -Wstrict-prototypes -Wmissing-prototypes -Wmissing-declarations -D_GNU_SOURCE   conftest.c  >&5
conftest.c:29:1: warning: function declaration isn't a prototype [-Wstrict-prototypes]
   29 | main ()
      | ^~~~
configure:14079: $? = 0
configure:14079: ./conftest
configure:14079: $? = 0
configure:14091: result: yes
configure:14118: checking for cos in -lm
configure:14143: gcc -o conftest -g -O0 -Wall -Werror-implicit-function-declaration -Wstrict-prototypes -Wmissing-prototypes -Wmissing-declarations -D_GNU_SOURCE   conftest.c -lm   >&5
conftest.c:35:1: warning: function declaration isn't a prototype [-Wstrict-prototypes]
   35 | char cos ();
      | ^~~~
conftest.c:35:6: warning: conflicting types for built-in function 'cos'; expected 'double(double)' [-Wbuiltin-declaration-mismatch]
   35 | char cos ();
      |      ^~~
conftest.c:1:1: note: 'cos' is declared in header '<math.h>'
    1 | /* confdefs.h */
conftest.c:37:1: warning: function declaration isn't a prototype [-Wstrict-prototypes]
   37 | main ()
      | ^~~~
configure:14143: $? = 0
configure:14152: result: yes
configure:14175: checking for gcc option to support OpenMP
configure:14190: gcc -o conftest -g -O0 -Wall -Werror-implicit-function-declaration -Wstrict-prototypes -Wmissing-prototypes -Wmissing-declarations -D_GNU_SOURCE   conftest.c -lm  >&5
conftest.c:31:2: error: unknown type name 'choke'
   31 |  choke me
      |  ^~~~~
conftest.c:31:10: error: expected ';' before 'typedef'
   31 |  choke me
      |          ^
      |          ;
conftest.c:34:5: warning: function declaration isn't a prototype [-Wstrict-prototypes]
   34 | int main () { return omp_get_num_threads (); }
      |     ^~~~
configure:14190: $? = 1
configure: failed program was:
| /* confdefs.h */
| #define PACKAGE_NAME "agg"
| #define PACKAGE_TARNAME "agg"
| #define PACKAGE_VERSION "0.1.0"
| #define PACKAGE_STRING "agg 0.1.0"
| #define PACKAGE_BUGREPORT "codes@paraffinalia.co.uk"
| #define PACKAGE_URL ""
| #define PACKAGE "agg"
| #define VERSION "0.1.0"
| #define STDC_HEADERS 1
| #define HAVE_SYS_TYPES_H 1
| #define HAVE_SYS_STAT_H 1
| #define HAVE_STDLIB_H 1
| #define HAVE_STRING_H 1
| #define HAVE_MEMORY_H 1
| #define HAVE_STRINGS_H 1
| #define HAVE_INTTYPES_H 1
| #define HAVE_STDINT_H 1
| #define HAVE_UNISTD_H 1
| #define HAVE_DLFCN_H 1
| #define LT_OBJDIR ".libs/"
| #define STDC_HEADERS 1
| #define HAVE_BLASWRAP 1
| #define HAVE_AVX_INSTRUCTIONS 1
| #define HAVE_AVX2_INSTRUCTIONS 1
| #define HAVE_FMA_INSTRUCTIONS 1
| #define HAVE_LIBM 1
| /* end confdefs.h.  */
| 
| #ifndef _OPENMP
|  choke me
| #endif
| #include <omp.h>
| int main () { return omp_get_num_threads (); }
| 
configure:14208: gcc -o conftest -g -O0 -Wall -Werror-implicit-function-declaration -Wstrict-prototypes -Wmissing-prototypes -Wmissing-declarations -D_GNU_SOURCE -fopenmp   conftest.c -lm  >&5
conftest.c:34:5: warning: function declaration isn't a prototype [-Wstrict-prototypes]
   34 | int main () { return omp_get_num_threads (); }
      |     ^~~~
configure:14208: $? = 0
configure:14222: result: -fopenmp
configure:14286: checking for g77
configure:14302: found /usr/bin/g77
configure:14313: result: g77
configure:14339: checking for Fortran 77 compiler version
configure:14348: g77 --version >&5
GNU Fortran (GCC) 11.2.0
Copyright (C) 2021 Free Software Foundation, Inc.
This is free software; see the source for copying conditions.  There is NO
warranty; not even for MERCHANTABILITY or FITNESS FOR A PARTICULAR PURPOSE.

configure:14359: $? = 0
configure:14348: g77 -v >&5
Reading specs from /usr/lib64/gcc/x86_64-slackware-linux/11.2.0/specs
COLLECT_GCC=g77
COLLECT_LTO_WRAPPER=/usr/libexec/gcc/x86_64-slackware-linux/11.2.0/lto-wrapper
Target: x86_64-slackware-linux
Configured with: ../configure --prefix=/usr --libdir=/usr/lib64 --mandir=/usr/man --infodir=/usr/info --enable-shared --enable-bootstrap --enable-languages=ada,brig,c,c++,d,fortran,go,lto,objc,obj-c++ --enable-threads=posix --enable-checking=release --enable-objc-gc --with-system-zlib --enable-libstdcxx-dual-abi --with-default-libstdcxx-abi=new --disable-libstdcxx-pch --disable-libunwind-exceptions --enable-__cxa_atexit --disable-libssp --enable-gnu-unique-object --enable-plugin --enable-lto --disable-install-libiberty --disable-werror --with-gnu-ld --with-isl --verbose --with-arch-directory=amd64 --disable-gtktest --enable-clocale=gnu --disable-multilib --target=x86_64-slackware-linux --build=x86_64-slackware-linux --host=x86_64-slackware-linux
Thread model: posix
Supported LTO compression algorithms: zlib zstd
gcc version 11.2.0 (GCC) 
configure:14359: $? = 0
configure:14348: g77 -V >&5
g77: error: unrecognized command-line option '-V'
g77: fatal error: no input files
compilation terminated.
configure:14359: $? = 1
configure:14348: g77 -qversion >&5
g77: error: unrecognized command-line option '-qversion'; did you mean '--version'?
g77: fatal error: no input files
compilation terminated.
configure:14359: $? = 1
configure:14368: checking whether we are using the GNU Fortran 77 compiler
configure:14381: g77 -c  conftest.F >&5
configure:14381: $? = 0
configure:14390: result: yes
configure:14396: checking whether g77 accepts -g
configure:14407: g77 -c -g conftest.f >&5
configure:14407: $? = 0
configure:14415: result: yes
configure:14544: checking if libtool supports shared libraries
configure:14546: result: yes
configure:14549: checking whether to build shared libraries
configure:14573: result: yes
configure:14576: checking whether to build static libraries
configure:14580: result: yes
configure:14932: checking for g77 option to produce PIC
configure:14939: result: -fPIC
configure:14947: checking if g77 PIC flag -fPIC works
configure:14965: g77 -c -g -O2 -fPIC conftest.f >&5
configure:14969: $? = 0
configure:14982: result: yes
configure:15005: checking if g77 static flag -static works
configure:15033: result: yes
configure:15045: checking if g77 supports -c -o file.o
configure:15066: g77 -c -g -O2 -o out/conftest2.o conftest.f >&5
configure:15070: $? = 0
configure:15092: result: yes
configure:15097: checking if g77 supports -c -o file.o
configure:15144: result: yes
configure:15174: checking whether the g77 linker (/usr/bin/ld -m elf_x86_64) supports shared libraries
configure:16383: result: yes
configure:16524: checking dynamic linker characteristics
configure:17263: result: GNU/Linux ld.so
configure:17328: checking how to hardcode library paths into programs
configure:17353: result: immediate
configure:17390: checking how to get verbose linking output from g77
configure:17400: g77 -c -g -O2 conftest.f >&5
configure:17400: $? = 0
configure:17418: g77 -o conftest -g -O2 -v conftest.f -lm
Reading specs from /usr/lib64/gcc/x86_64-slackware-linux/11.2.0/specs
Target: x86_64-slackware-linux
Thread model: posix
Supported LTO compression algorithms: zlib zstd
gcc version 11.2.0 (GCC) 
 /usr/libexec/gcc/x86_64-slackware-linux/11.2.0/f951 conftest.f -ffixed-form -quiet -dumpbase conftest.f -dumpbase-ext .f -mtune=generic -march=x86-64 -g -O2 -version -fintrinsic-modules-path /usr/lib64/gcc/x86_64-slackware-linux/11.2.0/finclude -fpre-include=/usr/include/finclude/math-vector-fortran.h -o /tmp/ccvxUgIz.s
GNU Fortran (GCC) version 11.2.0 (x86_64-slackware-linux)
	compiled by GNU C version 11.2.0, GMP version 6.2.1, MPFR version 4.1.0, MPC version 1.2.1, isl version isl-0.24-GMP

GGC heuristics: --param ggc-min-expand=100 --param ggc-min-heapsize=131072
GNU Fortran2008 (GCC) version 11.2.0 (x86_64-slackware-linux)
	compiled by GNU C version 11.2.0, GMP version 6.2.1, MPFR version 4.1.0, MPC version 1.2.1, isl version isl-0.24-GMP

GGC heuristics: --param ggc-min-expand=100 --param ggc-min-heapsize=131072
 as -v --gdwarf-5 --64 -o /tmp/cclK8QHa.o /tmp/ccvxUgIz.s
GNU assembler version 2.37 (x86_64-slackware-linux) using BFD version version 2.37-slack15
Reading specs from /usr/lib64/gcc/x86_64-slackware-linux/11.2.0/../../../../lib64/libgfortran.spec
rename spec lib to liborig
 /usr/libexec/gcc/x86_64-slackware-linux/11.2.0/collect2 -plugin /usr/libexec/gcc/x86_64-slackware-linux/11.2.0/liblto_plugin.so -plugin-opt=/usr/libexec/gcc/x86_64-slackware-linux/11.2.0/lto-wrapper -plugin-opt=-fresolution=/tmp/ccsaErRI.res -plugin-opt=-pass-through=-lgcc_s -plugin-opt=-pass-through=-lgcc -plugin-opt=-pass-through=-lquadmath -plugin-opt=-pass-through=-lm -plugin-opt=-pass-through=-lgcc_s -plugin-opt=-pass-through=-lgcc -plugin-opt=-pass-through=-lc -plugin-opt=-pass-through=-lgcc_s -plugin-opt=-pass-through=-lgcc --eh-frame-hdr -m elf_x86_64 -dynamic-linker /lib64/ld-linux-x86-64.so.2 -o conftest /usr/lib64/gcc/x86_64-slackware-linux/11.2.0/../../../../lib64/crt1.o /usr/lib64/gcc/x86_64-slackware-linux/11.2.0/../../../../lib64/crti.o /usr/lib64/gcc/x86_64-slackware-linux/11.2.0/crtbegin.o -L/usr/lib64/gcc/x86_64-slackware-linux/11.2.0 -L/usr/lib64/gcc/x86_64-slackware-linux/11.2.0/../../../../lib64 -L/lib/../lib64 -L/usr/lib/../lib64 -L/usr/lib64/gcc/x86_64-slackware-linux/11.2.0/../../.. /tmp/cclK8QHa.o -lgfortran -lm -lgfortran -lm -lgcc_s -lgcc -lquadmath -lm -lgcc_s -lgcc -lc -lgcc_s -lgcc /usr/lib64/gcc/x86_64-slackware-linux/11.2.0/crtend.o /usr/lib64/gcc/x86_64-slackware-linux/11.2.0/../../../../lib64/crtn.o
configure:17501: result: -v
configure:17503: checking for Fortran 77 libraries of g77
configure:17526: g77 -o conftest -g -O2 -v conftest.f -lm
Reading specs from /usr/lib64/gcc/x86_64-slackware-linux/11.2.0/specs
Target: x86_64-slackware-linux
Thread model: posix
Supported LTO compression algorithms: zlib zstd
gcc version 11.2.0 (GCC) 
 /usr/libexec/gcc/x86_64-slackware-linux/11.2.0/f951 conftest.f -ffixed-form -quiet -dumpbase conftest.f -dumpbase-ext .f -mtune=generic -march=x86-64 -g -O2 -version -fintrinsic-modules-path /usr/lib64/gcc/x86_64-slackware-linux/11.2.0/finclude -fpre-include=/usr/include/finclude/math-vector-fortran.h -o /tmp/ccCSnJBX.s
GNU Fortran (GCC) version 11.2.0 (x86_64-slackware-linux)
	compiled by GNU C version 11.2.0, GMP version 6.2.1, MPFR version 4.1.0, MPC version 1.2.1, isl version isl-0.24-GMP

GGC heuristics: --param ggc-min-expand=100 --param ggc-min-heapsize=131072
GNU Fortran2008 (GCC) version 11.2.0 (x86_64-slackware-linux)
	compiled by GNU C version 11.2.0, GMP version 6.2.1, MPFR version 4.1.0, MPC version 1.2.1, isl version isl-0.24-GMP

GGC heuristics: --param ggc-min-expand=100 --param ggc-min-heapsize=131072
 as -v --gdwarf-5 --64 -o /tmp/ccKDnBGq.o /tmp/ccCSnJBX.s
GNU assembler version 2.37 (x86_64-slackware-linux) using BFD version version 2.37-slack15
Reading specs from /usr/lib64/gcc/x86_64-slackware-linux/11.2.0/../../../../lib64/libgfortran.spec
rename spec lib to liborig
 /usr/libexec/gcc/x86_64-slackware-linux/11.2.0/collect2 -plugin /usr/libexec/gcc/x86_64-slackware-linux/11.2.0/liblto_plugin.so -plugin-opt=/usr/libexec/gcc/x86_64-slackware-linux/11.2.0/lto-wrapper -plugin-opt=-fresolution=/tmp/ccwshD9j.res -plugin-opt=-pass-through=-lgcc_s -plugin-opt=-pass-through=-lgcc -plugin-opt=-pass-through=-lquadmath -plugin-opt=-pass-through=-lm -plugin-opt=-pass-through=-lgcc_s -plugin-opt=-pass-through=-lgcc -plugin-opt=-pass-through=-lc -plugin-opt=-pass-through=-lgcc_s -plugin-opt=-pass-through=-lgcc --eh-frame-hdr -m elf_x86_64 -dynamic-linker /lib64/ld-linux-x86-64.so.2 -o conftest /usr/lib64/gcc/x86_64-slackware-linux/11.2.0/../../../../lib64/crt1.o /usr/lib64/gcc/x86_64-slackware-linux/11.2.0/../../../../lib64/crti.o /usr/lib64/gcc/x86_64-slackware-linux/11.2.0/crtbegin.o -L/usr/lib64/gcc/x86_64-slackware-linux/11.2.0 -L/usr/lib64/gcc/x86_64-slackware-linux/11.2.0/../../../../lib64 -L/lib/../lib64 -L/usr/lib/../lib64 -L/usr/lib64/gcc/x86_64-slackware-linux/11.2.0/../../.. /tmp/ccKDnBGq.o -lgfortran -lm -lgfortran -lm -lgcc_s -lgcc -lquadmath -lm -lgcc_s -lgcc -lc -lgcc_s -lgcc /usr/lib64/gcc/x86_64-slackware-linux/11.2.0/crtend.o /usr/lib64/gcc/x86_64-slackware-linux/11.2.0/../../../../lib64/crtn.o
configure:17722: result:  -L/usr/lib64/gcc/x86_64-slackware-linux/11.2.0 -L/usr/lib64/gcc/x86_64-slackware-linux/11.2.0/../../../../lib64 -L/lib/../lib64 -L/usr/lib/../lib64 -L/usr/lib64/gcc/x86_64-slackware-linux/11.2.0/../../.. -lgfortran -lm -lquadmath
configure:17738: checking for dummy main to link with Fortran 77 libraries
configure:17772: gcc -o conftest -g -O0 -Wall -Werror-implicit-function-declaration -Wstrict-prototypes -Wmissing-prototypes -Wmissing-declarations -D_GNU_SOURCE   conftest.c -lm   -L/usr/lib64/gcc/x86_64-slackware-linux/11.2.0 -L/usr/lib64/gcc/x86_64-slackware-linux/11.2.0/../../../../lib64 -L/lib/../lib64 -L/usr/lib/../lib64 -L/usr/lib64/gcc/x86_64-slackware-linux/11.2.0/../../.. -lgfortran -lm -lquadmath >&5
conftest.c:39:1: warning: function declaration isn't a prototype [-Wstrict-prototypes]
   39 | main ()
      | ^~~~
configure:17772: $? = 0
configure:17817: result: none
configure:17850: checking for Fortran 77 name-mangling scheme
configure:17863: g77 -c -g -O2 conftest.f >&5
configure:17863: $? = 0
configure:17904: gcc -o conftest -g -O0 -Wall -Werror-implicit-function-declaration -Wstrict-prototypes -Wmissing-prototypes -Wmissing-declarations -D_GNU_SOURCE   conftest.c cfortran_test.o -lm   -L/usr/lib64/gcc/x86_64-slackware-linux/11.2.0 -L/usr/lib64/gcc/x86_64-slackware-linux/11.2.0/../../../../lib64 -L/lib/../lib64 -L/usr/lib/../lib64 -L/usr/lib64/gcc/x86_64-slackware-linux/11.2.0/../../.. -lgfortran -lm -lquadmath >&5
conftest.c:36:1: warning: function declaration isn't a prototype [-Wstrict-prototypes]
   36 | char foobar ();
      | ^~~~
conftest.c:46:1: warning: function declaration isn't a prototype [-Wstrict-prototypes]
   46 | main ()
      | ^~~~
/usr/bin/ld: /tmp/ccUURbEu.o: in function `main':
/home/michael/Codes/Libraries/agg/conftest.c:48: undefined reference to `foobar'
collect2: error: ld returned 1 exit status
configure:17904: $? = 1
configure: failed program was:
| /* confdefs.h */
| #define PACKAGE_NAME "agg"
| #define PACKAGE_TARNAME "agg"
| #define PACKAGE_VERSION "0.1.0"
| #define PACKAGE_STRING "agg 0.1.0"
| #define PACKAGE_BUGREPORT "codes@paraffinalia.co.uk"
| #define PACKAGE_URL ""
| #define PACKAGE "agg"
| #define VERSION "0.1.0"
| #define STDC_HEADERS 1
| #define HAVE_SYS_TYPES_H 1
| #define HAVE_SYS_STAT_H 1
| #define HAVE_STDLIB_H 1
| #define HAVE_STRING_H 1
| #define HAVE_MEMORY_H 1
| #define HAVE_STRINGS_H 1
| #define HAVE_INTTYPES_H 1
| #define HAVE_STDINT_H 1
| #define HAVE_UNISTD_H 1
| #define HAVE_DLFCN_H 1
| #define LT_OBJDIR ".libs/"
| #define STDC_HEADERS 1
| #define HAVE_BLASWRAP 1
| #define HAVE_AVX_INSTRUCTIONS 1
| #define HAVE_AVX2_INSTRUCTIONS 1
| #define HAVE_FMA_INSTRUCTIONS 1
| #define HAVE_LIBM 1
| /* end confdefs.h.  */
| 
| /* Override any GCC internal prototype to avoid an error.
|    Use char because int might match the return type of a GCC
|    builtin and then its argument prototype would still apply.  */
| #ifdef __cplusplus
| extern "C"
| #endif
| char foobar ();
| #ifdef F77_DUMMY_MAIN
| 
| #  ifdef __cplusplus
|      extern "C"
| #  endif
|    int F77_DUMMY_MAIN() { return 1; }
| 
| #endif
| int
| main ()
| {
| return foobar ();
|   ;
|   return 0;
| }
configure:17904: gcc -o conftest -g -O0 -Wall -Werror-implicit-function-declaration -Wstrict-prototypes -Wmissing-prototypes -Wmissing-declarations -D_GNU_SOURCE   conftest.c cfortran_test.o -lm   -L/usr/lib64/gcc/x86_64-slackware-linux/11.2.0 -L/usr/lib64/gcc/x86_64-slackware-linux/11.2.0/../../../../lib64 -L/lib/../lib64 -L/usr/lib/../lib64 -L/usr/lib64/gcc/x86_64-slackware-linux/11.2.0/../../.. -lgfortran -lm -lquadmath >&5
conftest.c:36:1: warning: function declaration isn't a prototype [-Wstrict-prototypes]
   36 | char foobar_ ();
      | ^~~~
conftest.c:46:1: warning: function declaration isn't a prototype [-Wstrict-prototypes]
   46 | main ()
      | ^~~~
configure:17904: $? = 0
configure:17962: gcc -o conftest -g -O0 -Wall -Werror-implicit-function-declaration -Wstrict-prototypes -Wmissing-prototypes -Wmissing-declarations -D_GNU_SOURCE   conftest.c cfortran_test.o -lm   -L/usr/lib64/gcc/x86_64-slackware-linux/11.2.0 -L/usr/lib64/gcc/x86_64-slackware-linux/11.2.0/../../../../lib64 -L/lib/../lib64 -L/usr/lib/../lib64 -L/usr/lib64/gcc/x86_64-slackware-linux/11.2.0/../../.. -lgfortran -lm -lquadmath >&5
conftest.c:36:1: warning: function declaration isn't a prototype [-Wstrict-prototypes]
   36 | char foo_bar_ ();
      | ^~~~
conftest.c:46:1: warning: function declaration isn't a prototype [-Wstrict-prototypes]
   46 | main ()
      | ^~~~
configure:17962: $? = 0
configure:18004: result: lower case, underscore, no extra underscore
configure:18186: checking for sgemm_
configure:18186: gcc -o conftest -g -O0 -Wall -Werror-implicit-function-declaration -Wstrict-prototypes -Wmissing-prototypes -Wmissing-declarations -D_GNU_SOURCE   conftest.c -lm   -L/usr/lib64/gcc/x86_64-slackware-linux/11.2.0 -L/usr/lib64/gcc/x86_64-slackware-linux/11.2.0/../../../../lib64 -L/lib/../lib64 -L/usr/lib/../lib64 -L/usr/lib64/gcc/x86_64-slackware-linux/11.2.0/../../.. -lgfortran -lm -lquadmath >&5
conftest.c:54:1: warning: function declaration isn't a prototype [-Wstrict-prototypes]
   54 | char sgemm_ ();
      | ^~~~
conftest.c:63:1: warning: function declaration isn't a prototype [-Wstrict-prototypes]
   63 | main ()
      | ^~~~
/usr/bin/ld: /tmp/ccBQeZnn.o: in function `main':
/home/michael/Codes/Libraries/agg/conftest.c:65: undefined reference to `sgemm_'
collect2: error: ld returned 1 exit status
configure:18186: $? = 1
configure: failed program was:
| /* confdefs.h */
| #define PACKAGE_NAME "agg"
| #define PACKAGE_TARNAME "agg"
| #define PACKAGE_VERSION "0.1.0"
| #define PACKAGE_STRING "agg 0.1.0"
| #define PACKAGE_BUGREPORT "codes@paraffinalia.co.uk"
| #define PACKAGE_URL ""
| #define PACKAGE "agg"
| #define VERSION "0.1.0"
| #define STDC_HEADERS 1
| #define HAVE_SYS_TYPES_H 1
| #define HAVE_SYS_STAT_H 1
| #define HAVE_STDLIB_H 1
| #define HAVE_STRING_H 1
| #define HAVE_MEMORY_H 1
| #define HAVE_STRINGS_H 1
| #define HAVE_INTTYPES_H 1
| #define HAVE_STDINT_H 1
| #define HAVE_UNISTD_H 1
| #define HAVE_DLFCN_H 1
| #define LT_OBJDIR ".libs/"
| #define STDC_HEADERS 1
| #define HAVE_BLASWRAP 1
| #define HAVE_AVX_INSTRUCTIONS 1
| #define HAVE_AVX2_INSTRUCTIONS 1
| #define HAVE_FMA_INSTRUCTIONS 1
| #define HAVE_LIBM 1
| #define F77_FUNC(name,NAME) name ## _
| #define F77_FUNC_(name,NAME) name ## _
| /* end confdefs.h.  */
| /* Define sgemm_ to an innocuous variant, in case <limits.h> declares sgemm_.
|    For example, HP-UX 11i <limits.h> declares gettimeofday.  */
| #define sgemm_ innocuous_sgemm_
| 
| /* System header to define __stub macros and hopefully few prototypes,
|     which can conflict with char sgemm_ (); below.
|     Prefer <limits.h> to <assert.h> if __STDC__ is defined, since
|     <limits.h> exists even on freestanding compilers.  */
| 
| #ifdef __STDC__
| # include <limits.h>
| #else
| # include <assert.h>
| #endif
| 
| #undef sgemm_
| 
| /* Override any GCC internal prototype to avoid an error.
|    Use char because int might match the return type of a GCC
|    builtin and then its argument prototype would still apply.  */
| #ifdef __cplusplus
| extern "C"
| #endif
| char sgemm_ ();
| /* The GNU C library defines this for functions which it implements
|     to always fail with ENOSYS.  Some functions are actually named
|     something starting with __ and the normal name is an alias.  */
| #if defined __stub_sgemm_ || defined __stub___sgemm_
| choke me
| #endif
| 
| int
| main ()
| {
| return sgemm_ ();
|   ;
|   return 0;
| }
configure:18186: result: no
configure:18196: checking for ATL_xerbla in -latlas
configure:18229: gcc -o conftest -g -O0 -Wall -Werror-implicit-function-declaration -Wstrict-prototypes -Wmissing-prototypes -Wmissing-declarations -D_GNU_SOURCE   conftest.c -latlas  -lm   -L/usr/lib64/gcc/x86_64-slackware-linux/11.2.0 -L/usr/lib64/gcc/x86_64-slackware-linux/11.2.0/../../../../lib64 -L/lib/../lib64 -L/usr/lib/../lib64 -L/usr/lib64/gcc/x86_64-slackware-linux/11.2.0/../../.. -lgfortran -lm -lquadmath >&5
conftest.c:38:1: warning: function declaration isn't a prototype [-Wstrict-prototypes]
   38 | char ATL_xerbla ();
      | ^~~~
conftest.c:48:1: warning: function declaration isn't a prototype [-Wstrict-prototypes]
   48 | main ()
      | ^~~~
/usr/bin/ld: cannot find -latlas
collect2: error: ld returned 1 exit status
configure:18229: $? = 1
configure: failed program was:
| /* confdefs.h */
| #define PACKAGE_NAME "agg"
| #define PACKAGE_TARNAME "agg"
| #define PACKAGE_VERSION "0.1.0"
| #define PACKAGE_STRING "agg 0.1.0"
| #define PACKAGE_BUGREPORT "codes@paraffinalia.co.uk"
| #define PACKAGE_URL ""
| #define PACKAGE "agg"
| #define VERSION "0.1.0"
| #define STDC_HEADERS 1
| #define HAVE_SYS_TYPES_H 1
| #define HAVE_SYS_STAT_H 1
| #define HAVE_STDLIB_H 1
| #define HAVE_STRING_H 1
| #define HAVE_MEMORY_H 1
| #define HAVE_STRINGS_H 1
| #define HAVE_INTTYPES_H 1
| #define HAVE_STDINT_H 1
| #define HAVE_UNISTD_H 1
| #define HAVE_DLFCN_H 1
| #define LT_OBJDIR ".libs/"
| #define STDC_HEADERS 1
| #define HAVE_BLASWRAP 1
| #define HAVE_AVX_INSTRUCTIONS 1
| #define HAVE_AVX2_INSTRUCTIONS 1
| #define HAVE_FMA_INSTRUCTIONS 1
| #define HAVE_LIBM 1
| #define F77_FUNC(name,NAME) name ## _
| #define F77_FUNC_(name,NAME) name ## _
| /* end confdefs.h.  */
| 
| /* Override any GCC internal prototype to avoid an error.
|    Use char because int might match the return type of a GCC
|    builtin and then its argument prototype would still apply.  */
| #ifdef __cplusplus
| extern "C"
| #endif
| char ATL_xerbla ();
| #ifdef F77_DUMMY_MAIN
| 
| #  ifdef __cplusplus
|      extern "C"
| #  endif
|    int F77_DUMMY_MAIN() { return 1; }
| 
| #endif
| int
| main ()
| {
| return ATL_xerbla ();
|   ;
|   return 0;
| }
configure:18238: result: no
configure:18348: checking for sgemm_ in -Wl,-framework -Wl,vecLib
configure:18376: gcc -o conftest -g -O0 -Wall -Werror-implicit-function-declaration -Wstrict-prototypes -Wmissing-prototypes -Wmissing-declarations -D_GNU_SOURCE   conftest.c -Wl,-framework -Wl,vecLib -lm   -L/usr/lib64/gcc/x86_64-slackware-linux/11.2.0 -L/usr/lib64/gcc/x86_64-slackware-linux/11.2.0/../../../../lib64 -L/lib/../lib64 -L/usr/lib/../lib64 -L/usr/lib64/gcc/x86_64-slackware-linux/11.2.0/../../.. -lgfortran -lm -lquadmath >&5
conftest.c:38:1: warning: function declaration isn't a prototype [-Wstrict-prototypes]
   38 | char sgemm_ ();
      | ^~~~
conftest.c:48:1: warning: function declaration isn't a prototype [-Wstrict-prototypes]
   48 | main ()
      | ^~~~
/usr/bin/ld: -f may not be used without -shared
collect2: error: ld returned 1 exit status
configure:18376: $? = 1
configure: failed program was:
| /* confdefs.h */
| #define PACKAGE_NAME "agg"
| #define PACKAGE_TARNAME "agg"
| #define PACKAGE_VERSION "0.1.0"
| #define PACKAGE_STRING "agg 0.1.0"
| #define PACKAGE_BUGREPORT "codes@paraffinalia.co.uk"
| #define PACKAGE_URL ""
| #define PACKAGE "agg"
| #define VERSION "0.1.0"
| #define STDC_HEADERS 1
| #define HAVE_SYS_TYPES_H 1
| #define HAVE_SYS_STAT_H 1
| #define HAVE_STDLIB_H 1
| #define HAVE_STRING_H 1
| #define HAVE_MEMORY_H 1
| #define HAVE_STRINGS_H 1
| #define HAVE_INTTYPES_H 1
| #define HAVE_STDINT_H 1
| #define HAVE_UNISTD_H 1
| #define HAVE_DLFCN_H 1
| #define LT_OBJDIR ".libs/"
| #define STDC_HEADERS 1
| #define HAVE_BLASWRAP 1
| #define HAVE_AVX_INSTRUCTIONS 1
| #define HAVE_AVX2_INSTRUCTIONS 1
| #define HAVE_FMA_INSTRUCTIONS 1
| #define HAVE_LIBM 1
| #define F77_FUNC(name,NAME) name ## _
| #define F77_FUNC_(name,NAME) name ## _
| /* end confdefs.h.  */
| 
| /* Override any GCC internal prototype to avoid an error.
|    Use char because int might match the return type of a GCC
|    builtin and then its argument prototype would still apply.  */
| #ifdef __cplusplus
| extern "C"
| #endif
| char sgemm_ ();
| #ifdef F77_DUMMY_MAIN
| 
| #  ifdef __cplusplus
|      extern "C"
| #  endif
|    int F77_DUMMY_MAIN() { return 1; }
| 
| #endif
| int
| main ()
| {
| return sgemm_ ();
|   ;
|   return 0;
| }
configure:18383: result: no
configure:18391: checking for sgemm_ in -lblas
configure:18424: gcc -o conftest -g -O0 -Wall -Werror-implicit-function-declaration -Wstrict-prototypes -Wmissing-prototypes -Wmissing-declarations -D_GNU_SOURCE   conftest.c -lblas  -lm   -L/usr/lib64/gcc/x86_64-slackware-linux/11.2.0 -L/usr/lib64/gcc/x86_64-slackware-linux/11.2.0/../../../../lib64 -L/lib/../lib64 -L/usr/lib/../lib64 -L/usr/lib64/gcc/x86_64-slackware-linux/11.2.0/../../.. -lgfortran -lm -lquadmath >&5
conftest.c:38:1: warning: function declaration isn't a prototype [-Wstrict-prototypes]
   38 | char sgemm_ ();
      | ^~~~
conftest.c:48:1: warning: function declaration isn't a prototype [-Wstrict-prototypes]
   48 | main ()
      | ^~~~
configure:18424: $? = 0
configure:18434: result: yes
configure:18438: checking for dgemm_ in -ldgemm
configure:18471: gcc -o conftest -g -O0 -Wall -Werror-implicit-function-declaration -Wstrict-prototypes -Wmissing-prototypes -Wmissing-declarations -D_GNU_SOURCE   conftest.c -ldgemm -lblas -lm   -L/usr/lib64/gcc/x86_64-slackware-linux/11.2.0 -L/usr/lib64/gcc/x86_64-slackware-linux/11.2.0/../../../../lib64 -L/lib/../lib64 -L/usr/lib/../lib64 -L/usr/lib64/gcc/x86_64-slackware-linux/11.2.0/../../.. -lgfortran -lm -lquadmath >&5
conftest.c:38:1: warning: function declaration isn't a prototype [-Wstrict-prototypes]
   38 | char dgemm_ ();
      | ^~~~
conftest.c:48:1: warning: function declaration isn't a prototype [-Wstrict-prototypes]
   48 | main ()
      | ^~~~
/usr/bin/ld: cannot find -ldgemm
collect2: error: ld returned 1 exit status
configure:18471: $? = 1
configure: failed program was:
| /* confdefs.h */
| #define PACKAGE_NAME "agg"
| #define PACKAGE_TARNAME "agg"
| #define PACKAGE_VERSION "0.1.0"
| #define PACKAGE_STRING "agg 0.1.0"
| #define PACKAGE_BUGREPORT "codes@paraffinalia.co.uk"
| #define PACKAGE_URL ""
| #define PACKAGE "agg"
| #define VERSION "0.1.0"
| #define STDC_HEADERS 1
| #define HAVE_SYS_TYPES_H 1
| #define HAVE_SYS_STAT_H 1
| #define HAVE_STDLIB_H 1
| #define HAVE_STRING_H 1
| #define HAVE_MEMORY_H 1
| #define HAVE_STRINGS_H 1
| #define HAVE_INTTYPES_H 1
| #define HAVE_STDINT_H 1
| #define HAVE_UNISTD_H 1
| #define HAVE_DLFCN_H 1
| #define LT_OBJDIR ".libs/"
| #define STDC_HEADERS 1
| #define HAVE_BLASWRAP 1
| #define HAVE_AVX_INSTRUCTIONS 1
| #define HAVE_AVX2_INSTRUCTIONS 1
| #define HAVE_FMA_INSTRUCTIONS 1
| #define HAVE_LIBM 1
| #define F77_FUNC(name,NAME) name ## _
| #define F77_FUNC_(name,NAME) name ## _
| /* end confdefs.h.  */
| 
| /* Override any GCC internal prototype to avoid an error.
|    Use char because int might match the return type of a GCC
|    builtin and then its argument prototype would still apply.  */
| #ifdef __cplusplus
| extern "C"
| #endif
| char dgemm_ ();
| #ifdef F77_DUMMY_MAIN
| 
| #  ifdef __cplusplus
|      extern "C"
| #  endif
|    int F77_DUMMY_MAIN() { return 1; }
| 
| #endif
| int
| main ()
| {
| return dgemm_ ();
|   ;
|   return 0;
| }
configure:18481: result: no
configure:18543: checking for sgemm_ in -lcxml
configure:18576: gcc -o conftest -g -O0 -Wall -Werror-implicit-function-declaration -Wstrict-prototypes -Wmissing-prototypes -Wmissing-declarations -D_GNU_SOURCE   conftest.c -lcxml  -lm   -L/usr/lib64/gcc/x86_64-slackware-linux/11.2.0 -L/usr/lib64/gcc/x86_64-slackware-linux/11.2.0/../../../../lib64 -L/lib/../lib64 -L/usr/lib/../lib64 -L/usr/lib64/gcc/x86_64-slackware-linux/11.2.0/../../.. -lgfortran -lm -lquadmath >&5
conftest.c:38:1: warning: function declaration isn't a prototype [-Wstrict-prototypes]
   38 | char sgemm_ ();
      | ^~~~
conftest.c:48:1: warning: function declaration isn't a prototype [-Wstrict-prototypes]
   48 | main ()
      | ^~~~
/usr/bin/ld: cannot find -lcxml
collect2: error: ld returned 1 exit status
configure:18576: $? = 1
configure: failed program was:
| /* confdefs.h */
| #define PACKAGE_NAME "agg"
| #define PACKAGE_TARNAME "agg"
| #define PACKAGE_VERSION "0.1.0"
| #define PACKAGE_STRING "agg 0.1.0"
| #define PACKAGE_BUGREPORT "codes@paraffinalia.co.uk"
| #define PACKAGE_URL ""
| #define PACKAGE "agg"
| #define VERSION "0.1.0"
| #define STDC_HEADERS 1
| #define HAVE_SYS_TYPES_H 1
| #define HAVE_SYS_STAT_H 1
| #define HAVE_STDLIB_H 1
| #define HAVE_STRING_H 1
| #define HAVE_MEMORY_H 1
| #define HAVE_STRINGS_H 1
| #define HAVE_INTTYPES_H 1
| #define HAVE_STDINT_H 1
| #define HAVE_UNISTD_H 1
| #define HAVE_DLFCN_H 1
| #define LT_OBJDIR ".libs/"
| #define STDC_HEADERS 1
| #define HAVE_BLASWRAP 1
| #define HAVE_AVX_INSTRUCTIONS 1
| #define HAVE_AVX2_INSTRUCTIONS 1
| #define HAVE_FMA_INSTRUCTIONS 1
| #define HAVE_LIBM 1
| #define F77_FUNC(name,NAME) name ## _
| #define F77_FUNC_(name,NAME) name ## _
| /* end confdefs.h.  */
| 
| /* Override any GCC internal prototype to avoid an error.
|    Use char because int might match the return type of a GCC
|    builtin and then its argument prototype would still apply.  */
| #ifdef __cplusplus
| extern "C"
| #endif
| char sgemm_ ();
| #ifdef F77_DUMMY_MAIN
| 
| #  ifdef __cplusplus
|      extern "C"
| #  endif
|    int F77_DUMMY_MAIN() { return 1; }
| 
| #endif
| int
| main ()
| {
| return sgemm_ ();
|   ;
|   return 0;
| }
configure:18586: result: no
configure:18597: checking for sgemm_ in -ldxml
configure:18630: gcc -o conftest -g -O0 -Wall -Werror-implicit-function-declaration -Wstrict-prototypes -Wmissing-prototypes -Wmissing-declarations -D_GNU_SOURCE   conftest.c -ldxml  -lm   -L/usr/lib64/gcc/x86_64-slackware-linux/11.2.0 -L/usr/lib64/gcc/x86_64-slackware-linux/11.2.0/../../../../lib64 -L/lib/../lib64 -L/usr/lib/../lib64 -L/usr/lib64/gcc/x86_64-slackware-linux/11.2.0/../../.. -lgfortran -lm -lquadmath >&5
conftest.c:38:1: warning: function declaration isn't a prototype [-Wstrict-prototypes]
   38 | char sgemm_ ();
      | ^~~~
conftest.c:48:1: warning: function declaration isn't a prototype [-Wstrict-prototypes]
   48 | main ()
      | ^~~~
/usr/bin/ld: cannot find -ldxml
collect2: error: ld returned 1 exit status
configure:18630: $? = 1
configure: failed program was:
| /* confdefs.h */
| #define PACKAGE_NAME "agg"
| #define PACKAGE_TARNAME "agg"
| #define PACKAGE_VERSION "0.1.0"
| #define PACKAGE_STRING "agg 0.1.0"
| #define PACKAGE_BUGREPORT "codes@paraffinalia.co.uk"
| #define PACKAGE_URL ""
| #define PACKAGE "agg"
| #define VERSION "0.1.0"
| #define STDC_HEADERS 1
| #define HAVE_SYS_TYPES_H 1
| #define HAVE_SYS_STAT_H 1
| #define HAVE_STDLIB_H 1
| #define HAVE_STRING_H 1
| #define HAVE_MEMORY_H 1
| #define HAVE_STRINGS_H 1
| #define HAVE_INTTYPES_H 1
| #define HAVE_STDINT_H 1
| #define HAVE_UNISTD_H 1
| #define HAVE_DLFCN_H 1
| #define LT_OBJDIR ".libs/"
| #define STDC_HEADERS 1
| #define HAVE_BLASWRAP 1
| #define HAVE_AVX_INSTRUCTIONS 1
| #define HAVE_AVX2_INSTRUCTIONS 1
| #define HAVE_FMA_INSTRUCTIONS 1
| #define HAVE_LIBM 1
| #define F77_FUNC(name,NAME) name ## _
| #define F77_FUNC_(name,NAME) name ## _
| /* end confdefs.h.  */
| 
| /* Override any GCC internal prototype to avoid an error.
|    Use char because int might match the return type of a GCC
|    builtin and then its argument prototype would still apply.  */
| #ifdef __cplusplus
| extern "C"
| #endif
| char sgemm_ ();
| #ifdef F77_DUMMY_MAIN
| 
| #  ifdef __cplusplus
|      extern "C"
| #  endif
|    int F77_DUMMY_MAIN() { return 1; }
| 
| #endif
| int
| main ()
| {
| return sgemm_ ();
|   ;
|   return 0;
| }
configure:18640: result: no
configure:18755: checking for sgemm_ in -lscs
configure:18788: gcc -o conftest -g -O0 -Wall -Werror-implicit-function-declaration -Wstrict-prototypes -Wmissing-prototypes -Wmissing-declarations -D_GNU_SOURCE   conftest.c -lscs  -lm   -L/usr/lib64/gcc/x86_64-slackware-linux/11.2.0 -L/usr/lib64/gcc/x86_64-slackware-linux/11.2.0/../../../../lib64 -L/lib/../lib64 -L/usr/lib/../lib64 -L/usr/lib64/gcc/x86_64-slackware-linux/11.2.0/../../.. -lgfortran -lm -lquadmath >&5
conftest.c:38:1: warning: function declaration isn't a prototype [-Wstrict-prototypes]
   38 | char sgemm_ ();
      | ^~~~
conftest.c:48:1: warning: function declaration isn't a prototype [-Wstrict-prototypes]
   48 | main ()
      | ^~~~
/usr/bin/ld: cannot find -lscs
collect2: error: ld returned 1 exit status
configure:18788: $? = 1
configure: failed program was:
| /* confdefs.h */
| #define PACKAGE_NAME "agg"
| #define PACKAGE_TARNAME "agg"
| #define PACKAGE_VERSION "0.1.0"
| #define PACKAGE_STRING "agg 0.1.0"
| #define PACKAGE_BUGREPORT "codes@paraffinalia.co.uk"
| #define PACKAGE_URL ""
| #define PACKAGE "agg"
| #define VERSION "0.1.0"
| #define STDC_HEADERS 1
| #define HAVE_SYS_TYPES_H 1
| #define HAVE_SYS_STAT_H 1
| #define HAVE_STDLIB_H 1
| #define HAVE_STRING_H 1
| #define HAVE_MEMORY_H 1
| #define HAVE_STRINGS_H 1
| #define HAVE_INTTYPES_H 1
| #define HAVE_STDINT_H 1
| #define HAVE_UNISTD_H 1
| #define HAVE_DLFCN_H 1
| #define LT_OBJDIR ".libs/"
| #define STDC_HEADERS 1
| #define HAVE_BLASWRAP 1
| #define HAVE_AVX_INSTRUCTIONS 1
| #define HAVE_AVX2_INSTRUCTIONS 1
| #define HAVE_FMA_INSTRUCTIONS 1
| #define HAVE_LIBM 1
| #define F77_FUNC(name,NAME) name ## _
| #define F77_FUNC_(name,NAME) name ## _
| /* end confdefs.h.  */
| 
| /* Override any GCC internal prototype to avoid an error.
|    Use char because int might match the return type of a GCC
|    builtin and then its argument prototype would still apply.  */
| #ifdef __cplusplus
| extern "C"
| #endif
| char sgemm_ ();
| #ifdef F77_DUMMY_MAIN
| 
| #  ifdef __cplusplus
|      extern "C"
| #  endif
|    int F77_DUMMY_MAIN() { return 1; }
| 
| #endif
| int
| main ()
| {
| return sgemm_ ();
|   ;
|   return 0;
| }
configure:18798: result: no
configure:18809: checking for sgemm_ in -lcomplib.sgimath
configure:18842: gcc -o conftest -g -O0 -Wall -Werror-implicit-function-declaration -Wstrict-prototypes -Wmissing-prototypes -Wmissing-declarations -D_GNU_SOURCE   conftest.c -lcomplib.sgimath  -lm   -L/usr/lib64/gcc/x86_64-slackware-linux/11.2.0 -L/usr/lib64/gcc/x86_64-slackware-linux/11.2.0/../../../../lib64 -L/lib/../lib64 -L/usr/lib/../lib64 -L/usr/lib64/gcc/x86_64-slackware-linux/11.2.0/../../.. -lgfortran -lm -lquadmath >&5
conftest.c:38:1: warning: function declaration isn't a prototype [-Wstrict-prototypes]
   38 | char sgemm_ ();
      | ^~~~
conftest.c:48:1: warning: function declaration isn't a prototype [-Wstrict-prototypes]
   48 | main ()
      | ^~~~
/usr/bin/ld: cannot find -lcomplib.sgimath
collect2: error: ld returned 1 exit status
configure:18842: $? = 1
configure: failed program was:
| /* confdefs.h */
| #define PACKAGE_NAME "agg"
| #define PACKAGE_TARNAME "agg"
| #define PACKAGE_VERSION "0.1.0"
| #define PACKAGE_STRING "agg 0.1.0"
| #define PACKAGE_BUGREPORT "codes@paraffinalia.co.uk"
| #define PACKAGE_URL ""
| #define PACKAGE "agg"
| #define VERSION "0.1.0"
| #define STDC_HEADERS 1
| #define HAVE_SYS_TYPES_H 1
| #define HAVE_SYS_STAT_H 1
| #define HAVE_STDLIB_H 1
| #define HAVE_STRING_H 1
| #define HAVE_MEMORY_H 1
| #define HAVE_STRINGS_H 1
| #define HAVE_INTTYPES_H 1
| #define HAVE_STDINT_H 1
| #define HAVE_UNISTD_H 1
| #define HAVE_DLFCN_H 1
| #define LT_OBJDIR ".libs/"
| #define STDC_HEADERS 1
| #define HAVE_BLASWRAP 1
| #define HAVE_AVX_INSTRUCTIONS 1
| #define HAVE_AVX2_INSTRUCTIONS 1
| #define HAVE_FMA_INSTRUCTIONS 1
| #define HAVE_LIBM 1
| #define F77_FUNC(name,NAME) name ## _
| #define F77_FUNC_(name,NAME) name ## _
| /* end confdefs.h.  */
| 
| /* Override any GCC internal prototype to avoid an error.
|    Use char because int might match the return type of a GCC
|    builtin and then its argument prototype would still apply.  */
| #ifdef __cplusplus
| extern "C"
| #endif
| char sgemm_ ();
| #ifdef F77_DUMMY_MAIN
| 
| #  ifdef __cplusplus
|      extern "C"
| #  endif
|    int F77_DUMMY_MAIN() { return 1; }
| 
| #endif
| int
| main ()
| {
| return sgemm_ ();
|   ;
|   return 0;
| }
configure:18852: result: no
configure:18863: checking for sgemm_ in -lblas
configure:18906: result: yes
configure:18910: checking for sgemm_ in -lessl
configure:18943: gcc -o conftest -g -O0 -Wall -Werror-implicit-function-declaration -Wstrict-prototypes -Wmissing-prototypes -Wmissing-declarations -D_GNU_SOURCE   conftest.c -lessl -lblas  -L/usr/lib64/gcc/x86_64-slackware-linux/11.2.0 -L/usr/lib64/gcc/x86_64-slackware-linux/11.2.0/../../../../lib64 -L/lib/../lib64 -L/usr/lib/../lib64 -L/usr/lib64/gcc/x86_64-slackware-linux/11.2.0/../../.. -lgfortran -lm -lquadmath -lm   -L/usr/lib64/gcc/x86_64-slackware-linux/11.2.0 -L/usr/lib64/gcc/x86_64-slackware-linux/11.2.0/../../../../lib64 -L/lib/../lib64 -L/usr/lib/../lib64 -L/usr/lib64/gcc/x86_64-slackware-linux/11.2.0/../../.. -lgfortran -lm -lquadmath >&5
conftest.c:38:1: warning: function declaration isn't a prototype [-Wstrict-prototypes]
   38 | char sgemm_ ();
      | ^~~~
conftest.c:48:1: warning: function declaration isn't a prototype [-Wstrict-prototypes]
   48 | main ()
      | ^~~~
/usr/bin/ld: cannot find -lessl
collect2: error: ld returned 1 exit status
configure:18943: $? = 1
configure: failed program was:
| /* confdefs.h */
| #define PACKAGE_NAME "agg"
| #define PACKAGE_TARNAME "agg"
| #define PACKAGE_VERSION "0.1.0"
| #define PACKAGE_STRING "agg 0.1.0"
| #define PACKAGE_BUGREPORT "codes@paraffinalia.co.uk"
| #define PACKAGE_URL ""
| #define PACKAGE "agg"
| #define VERSION "0.1.0"
| #define STDC_HEADERS 1
| #define HAVE_SYS_TYPES_H 1
| #define HAVE_SYS_STAT_H 1
| #define HAVE_STDLIB_H 1
| #define HAVE_STRING_H 1
| #define HAVE_MEMORY_H 1
| #define HAVE_STRINGS_H 1
| #define HAVE_INTTYPES_H 1
| #define HAVE_STDINT_H 1
| #define HAVE_UNISTD_H 1
| #define HAVE_DLFCN_H 1
| #define LT_OBJDIR ".libs/"
| #define STDC_HEADERS 1
| #define HAVE_BLASWRAP 1
| #define HAVE_AVX_INSTRUCTIONS 1
| #define HAVE_AVX2_INSTRUCTIONS 1
| #define HAVE_FMA_INSTRUCTIONS 1
| #define HAVE_LIBM 1
| #define F77_FUNC(name,NAME) name ## _
| #define F77_FUNC_(name,NAME) name ## _
| /* end confdefs.h.  */
| 
| /* Override any GCC internal prototype to avoid an error.
|    Use char because int might match the return type of a GCC
|    builtin and then its argument prototype would still apply.  */
| #ifdef __cplusplus
| extern "C"
| #endif
| char sgemm_ ();
| #ifdef F77_DUMMY_MAIN
| 
| #  ifdef __cplusplus
|      extern "C"
| #  endif
|    int F77_DUMMY_MAIN() { return 1; }
| 
| #endif
| int
| main ()
| {
| return sgemm_ ();
|   ;
|   return 0;
| }
configure:18953: result: no
configure:18966: checking for sgemm_ in -lblas
configure:19009: result: yes
configure:19134: checking for cheev_
configure:19134: gcc -o conftest -g -O0 -Wall -Werror-implicit-function-declaration -Wstrict-prototypes -Wmissing-prototypes -Wmissing-declarations -D_GNU_SOURCE   conftest.c -lm  -lblas  -L/usr/lib64/gcc/x86_64-slackware-linux/11.2.0 -L/usr/lib64/gcc/x86_64-slackware-linux/11.2.0/../../../../lib64 -L/lib/../lib64 -L/usr/lib/../lib64 -L/usr/lib64/gcc/x86_64-slackware-linux/11.2.0/../../.. -lgfortran -lm -lquadmath >&5
conftest.c:55:1: warning: function declaration isn't a prototype [-Wstrict-prototypes]
   55 | char cheev_ ();
      | ^~~~
conftest.c:64:1: warning: function declaration isn't a prototype [-Wstrict-prototypes]
   64 | main ()
      | ^~~~
configure:19134: $? = 0
configure:19134: result: yes
configure:19331: checking that generated files are newer than configure
configure:19337: result: done
configure:19364: creating ./config.status

## ---------------------- ##
## Running config.status. ##
## ---------------------- ##

This file was extended by agg config.status 0.1.0, which was
generated by GNU Autoconf 2.69.  Invocation command line was

  CONFIG_FILES    = 
  CONFIG_HEADERS  = 
  CONFIG_LINKS    = 
  CONFIG_COMMANDS = 
  $ ./config.status 

on michael.paraffinalia.co.uk

config.status:1177: creating Makefile
config.status:1177: creating src/Makefile
config.status:1177: creating src/agg-config
config.status:1177: creating tools/Makefile
config.status:1177: creating config.h
config.status:1358: config.h is unchanged
config.status:1406: executing depfiles commands
config.status:1483: cd src       && sed -e '/# am--include-marker/d' Makefile         | make -f - am--depfiles
config.status:1488: $? = 0
config.status:1483: cd tools       && sed -e '/# am--include-marker/d' Makefile         | make -f - am--depfiles
make: Nothing to be done for 'am--depfiles'.
config.status:1488: $? = 0
config.status:1406: executing libtool commands

## ---------------- ##
## Cache variables. ##
## ---------------- ##

ac_cv_build=x86_64-pc-linux-gnu
ac_cv_c_compiler_gnu=yes
ac_cv_env_CC_set=
ac_cv_env_CC_value=
ac_cv_env_CFLAGS_set=set
ac_cv_env_CFLAGS_value='-g -O0'
ac_cv_env_CPPFLAGS_set=
ac_cv_env_CPPFLAGS_value=
ac_cv_env_CPP_set=
ac_cv_env_CPP_value=
ac_cv_env_F77_set=
ac_cv_env_F77_value=
ac_cv_env_FFLAGS_set=
ac_cv_env_FFLAGS_value=
ac_cv_env_GLIB_CFLAGS_set=
ac_cv_env_GLIB_CFLAGS_value=
ac_cv_env_GLIB_COMPILE_RESOURCES_set=
ac_cv_env_GLIB_COMPILE_RESOURCES_value=
ac_cv_env_GLIB_GENMARSHAL_set=
ac_cv_env_GLIB_GENMARSHAL_value=
ac_cv_env_GLIB_LIBS_set=
ac_cv_env_GLIB_LIBS_value=
ac_cv_env_GLIB_MKENUMS_set=
ac_cv_env_GLIB_MKENUMS_value=
ac_cv_env_GOBJECT_QUERY_set=
ac_cv_env_GOBJECT_QUERY_value=
ac_cv_env_LDFLAGS_set=
ac_cv_env_LDFLAGS_value=
ac_cv_env_LIBS_set=
ac_cv_env_LIBS_value=
ac_cv_env_LT_SYS_LIBRARY_PATH_set=
ac_cv_env_LT_SYS_LIBRARY_PATH_value=
ac_cv_env_PKG_CONFIG_LIBDIR_set=
ac_cv_env_PKG_CONFIG_LIBDIR_value=
ac_cv_env_PKG_CONFIG_PATH_set=set
ac_cv_env_PKG_CONFIG_PATH_value=/home/michael/Codes/lib/pkgconfig:/home/michael/Codes/lib/pkgconfig:/usr/local/lib64/pkgconfig:/usr/local/share/pkgconfig:/usr/lib64/pkgconfig:/usr/share/pkgconfig:/usr/local/lib64/pkgconfig:/usr/local/share/pkgconfig
ac_cv_env_PKG_CONFIG_set=
ac_cv_env_PKG_CONFIG_value=
ac_cv_env_build_alias_set=
ac_cv_env_build_alias_value=
ac_cv_env_host_alias_set=
ac_cv_env_host_alias_value=
ac_cv_env_target_alias_set=
ac_cv_env_target_alias_value=
ac_cv_f77_compiler_gnu=yes
ac_cv_f77_dummy_main=none
ac_cv_f77_libs=' -L/usr/lib64/gcc/x86_64-slackware-linux/11.2.0 -L/usr/lib64/gcc/x86_64-slackware-linux/11.2.0/../../../../lib64 -L/lib/../lib64 -L/usr/lib/../lib64 -L/usr/lib64/gcc/x86_64-slackware-linux/11.2.0/../../.. -lgfortran -lm -lquadmath'
ac_cv_f77_mangling='lower case, underscore, no extra underscore'
ac_cv_fortran_dummy_main=none
ac_cv_func_cheev_=yes
ac_cv_func_sgemm_=no
ac_cv_header_dlfcn_h=yes
ac_cv_header_inttypes_h=yes
ac_cv_header_memory_h=yes
ac_cv_header_stdc=yes
ac_cv_header_stdint_h=yes
ac_cv_header_stdlib_h=yes
ac_cv_header_string_h=yes
ac_cv_header_strings_h=yes
ac_cv_header_sys_stat_h=yes
ac_cv_header_sys_types_h=yes
ac_cv_header_unistd_h=yes
ac_cv_host=x86_64-pc-linux-gnu
ac_cv_lib_atlas_ATL_xerbla=no
ac_cv_lib_blas_sgemm_=yes
ac_cv_lib_complib_sgimath_sgemm_=no
ac_cv_lib_cxml_sgemm_=no
ac_cv_lib_dgemm_dgemm_=no
ac_cv_lib_dxml_sgemm_=no
ac_cv_lib_essl_sgemm_=no
ac_cv_lib_m_cos=yes
ac_cv_lib_scs_sgemm_=no
ac_cv_objext=o
ac_cv_path_EGREP='/usr/bin/grep -E'
ac_cv_path_FGREP='/usr/bin/grep -F'
ac_cv_path_GREP=/usr/bin/grep
ac_cv_path_SED=/usr/bin/sed
ac_cv_path_ac_pt_PKG_CONFIG=/usr/bin/pkg-config
ac_cv_path_install='/usr/bin/ginstall -c'
ac_cv_path_lt_DD=/usr/bin/dd
ac_cv_path_mkdir=/usr/bin/mkdir
ac_cv_prog_AWK=gawk
ac_cv_prog_BLASWRAP=yes
ac_cv_prog_CPP='gcc -E'
ac_cv_prog_ac_ct_AR=ar
ac_cv_prog_ac_ct_CC=gcc
ac_cv_prog_ac_ct_DLLTOOL=dlltool
ac_cv_prog_ac_ct_F77=g77
ac_cv_prog_ac_ct_MANIFEST_TOOL=mt
ac_cv_prog_ac_ct_OBJDUMP=objdump
ac_cv_prog_ac_ct_RANLIB=ranlib
ac_cv_prog_ac_ct_STRIP=strip
ac_cv_prog_c_openmp=-fopenmp
ac_cv_prog_cc_c89=
ac_cv_prog_cc_g=yes
ac_cv_prog_f77_g=yes
ac_cv_prog_f77_v=-v
ac_cv_prog_make_make_set=yes
ac_cv_search_strerror='none required'
am_cv_CC_dependencies_compiler_type=gcc3
am_cv_make_support_nested_variables=yes
am_cv_prog_cc_c_o=yes
ax_cv_gcc_check_x86_cpu_init=yes
ax_cv_gcc_x86_cpu_supports_avx2=yes
ax_cv_gcc_x86_cpu_supports_avx=yes
ax_cv_gcc_x86_cpu_supports_fma=yes
lt_cv_ar_at_file=@
lt_cv_archive_cmds_need_lc=no
lt_cv_deplibs_check_method=pass_all
lt_cv_file_magic_cmd='$MAGIC_CMD'
lt_cv_file_magic_test_file=
lt_cv_ld_reload_flag=-r
lt_cv_nm_interface='BSD nm'
lt_cv_objdir=.libs
lt_cv_path_LD=/usr/bin/ld
lt_cv_path_NM='/usr/bin/nm -B'
lt_cv_path_mainfest_tool=no
lt_cv_prog_compiler_c_o=yes
lt_cv_prog_compiler_c_o_F77=yes
lt_cv_prog_compiler_pic='-fPIC -DPIC'
lt_cv_prog_compiler_pic_F77=-fPIC
lt_cv_prog_compiler_pic_works=yes
lt_cv_prog_compiler_pic_works_F77=yes
lt_cv_prog_compiler_rtti_exceptions=no
lt_cv_prog_compiler_static_works=yes
lt_cv_prog_compiler_static_works_F77=yes
lt_cv_prog_gnu_ld=yes
lt_cv_sharedlib_from_linklib_cmd='printf %s\n'
lt_cv_shlibpath_overrides_runpath=no
lt_cv_sys_global_symbol_pipe='sed -n -e '\''s/^.*[	 ]\([ABCDGIRSTW][ABCDGIRSTW]*\)[	 ][	 ]*\([_A-Za-z][_A-Za-z0-9]*\)$/\1 \2 \2/p'\'' | sed '\''/ __gnu_lto/d'\'''
lt_cv_sys_global_symbol_to_c_name_address='sed -n -e '\''s/^: \(.*\) .*$/  {"\1", (void *) 0},/p'\'' -e '\''s/^[ABCDGIRSTW][ABCDGIRSTW]* .* \(.*\)$/  {"\1", (void *) \&\1},/p'\'''
lt_cv_sys_global_symbol_to_c_name_address_lib_prefix='sed -n -e '\''s/^: \(.*\) .*$/  {"\1", (void *) 0},/p'\'' -e '\''s/^[ABCDGIRSTW][ABCDGIRSTW]* .* \(lib.*\)$/  {"\1", (void *) \&\1},/p'\'' -e '\''s/^[ABCDGIRSTW][ABCDGIRSTW]* .* \(.*\)$/  {"lib\1", (void *) \&\1},/p'\'''
lt_cv_sys_global_symbol_to_cdecl='sed -n -e '\''s/^T .* \(.*\)$/extern int \1();/p'\'' -e '\''s/^[ABCDGIRSTW][ABCDGIRSTW]* .* \(.*\)$/extern char \1;/p'\'''
lt_cv_sys_global_symbol_to_import=
lt_cv_sys_max_cmd_len=1572864
lt_cv_to_host_file_cmd=func_convert_file_noop
lt_cv_to_tool_file_cmd=func_convert_file_noop
lt_cv_truncate_bin='/usr/bin/dd bs=4096 count=1'
pkg_cv_GLIB_CFLAGS='-pthread -I/usr/include/glib-2.0 -I/usr/lib64/glib-2.0/include'
pkg_cv_GLIB_COMPILE_RESOURCES=/usr/bin/glib-compile-resources
pkg_cv_GLIB_GENMARSHAL=/usr/bin/glib-genmarshal
pkg_cv_GLIB_LIBS='-lgthread-2.0 -pthread -Wl,--export-dynamic -lgmodule-2.0 -pthread -lglib-2.0'
pkg_cv_GLIB_MKENUMS=/usr/bin/glib-mkenums
pkg_cv_GOBJECT_QUERY=/usr/bin/gobject-query

## ----------------- ##
## Output variables. ##
## ----------------- ##

ACLOCAL='${SHELL} /home/michael/Codes/Libraries/agg/missing aclocal-1.16'
AGG_MAJOR_VERSION='0'
AGG_MICRO_VERSION='0'
AGG_MINOR_VERSION='1'
AGG_VERSION='0.1.0'
AMDEPBACKSLASH='\'
AMDEP_FALSE='#'
AMDEP_TRUE=''
AMTAR='$${TAR-tar}'
AM_BACKSLASH='\'
AM_DEFAULT_V='$(AM_DEFAULT_VERBOSITY)'
AM_DEFAULT_VERBOSITY='1'
AM_V='$(V)'
AR='ar'
AUTOCONF='${SHELL} /home/michael/Codes/Libraries/agg/missing autoconf'
AUTOHEADER='${SHELL} /home/michael/Codes/Libraries/agg/missing autoheader'
AUTOMAKE='${SHELL} /home/michael/Codes/Libraries/agg/missing automake-1.16'
AWK='gawk'
BLASWRAP='yes'
BLAS_LIBS='-lblas'
CC='gcc'
CCDEPMODE='depmode=gcc3'
CFLAGS='-g -O0 -Wall -Werror-implicit-function-declaration -Wstrict-prototypes -Wmissing-prototypes -Wmissing-declarations -D_GNU_SOURCE -fopenmp  -mavx -mavx2 -mfma -I/usr/include/glib-2.0 -I/usr/lib64/glib-2.0/include -I/home/michael/Codes/include'
CPP='gcc -E'
CPPFLAGS=''
CYGPATH_W='echo'
DEFS='-DHAVE_CONFIG_H'
DEPDIR='.deps'
DLLTOOL='dlltool'
DSYMUTIL=''
DUMPBIN=''
ECHO_C=''
ECHO_N='-n'
ECHO_T=''
EGREP='/usr/bin/grep -E'
EXEEXT=''
F77='g77'
FFLAGS='-g -O2'
FGREP='/usr/bin/grep -F'
FLIBS=' -L/usr/lib64/gcc/x86_64-slackware-linux/11.2.0 -L/usr/lib64/gcc/x86_64-slackware-linux/11.2.0/../../../../lib64 -L/lib/../lib64 -L/usr/lib/../lib64 -L/usr/lib64/gcc/x86_64-slackware-linux/11.2.0/../../.. -lgfortran -lm -lquadmath'
GLIB_CFLAGS='-pthread -I/usr/include/glib-2.0 -I/usr/lib64/glib-2.0/include'
GLIB_COMPILE_RESOURCES='/usr/bin/glib-compile-resources'
GLIB_CONFIG=''
GLIB_GENMARSHAL='/usr/bin/glib-genmarshal'
GLIB_LIBS='-lglib-2.0'
GLIB_MKENUMS='/usr/bin/glib-mkenums'
GOBJECT_QUERY='/usr/bin/gobject-query'
GREP='/usr/bin/grep'
INSTALL_DATA='${INSTALL} -m 644'
INSTALL_PROGRAM='${INSTALL}'
INSTALL_SCRIPT='${INSTALL}'
INSTALL_STRIP_PROGRAM='$(install_sh) -c -s'
LAPACK_LIBS=''
LD='/usr/bin/ld -m elf_x86_64'
LDFLAGS=' -lglib-2.0    -lstdc++'
LIBOBJS=''
LIBS='-lglib-2.0  -lblas -lm   -L/usr/lib64/gcc/x86_64-slackware-linux/11.2.0 -L/usr/lib64/gcc/x86_64-slackware-linux/11.2.0/../../../../lib64 -L/lib/../lib64 -L/usr/lib/../lib64 -L/usr/lib64/gcc/x86_64-slackware-linux/11.2.0/../../.. -lgfortran -lm -lquadmath'
LIBTOOL='$(SHELL) $(top_builddir)/libtool'
LIPO=''
LN_S='ln -s'
LTLIBOBJS=''
LT_AGE='0'
LT_CURRENT='0'
LT_RELEASE='0.1'
LT_REVISION='0'
LT_SYS_LIBRARY_PATH=''
MAKEINFO='${SHELL} /home/michael/Codes/Libraries/agg/missing makeinfo'
MANIFEST_TOOL=':'
MKDIR_P='/usr/bin/mkdir -p'
NM='/usr/bin/nm -B'
NMEDIT=''
OBJDUMP='objdump'
OBJEXT='o'
OPENMP_CFLAGS='-fopenmp'
OTOOL64=''
OTOOL=''
PACKAGE='agg'
PACKAGE_BUGREPORT='codes@paraffinalia.co.uk'
PACKAGE_NAME='agg'
PACKAGE_STRING='agg 0.1.0'
PACKAGE_TARNAME='agg'
PACKAGE_URL=''
PACKAGE_VERSION='0.1.0'
PATH_SEPARATOR=':'
PKG_CONFIG='/usr/bin/pkg-config'
PKG_CONFIG_LIBDIR=''
PKG_CONFIG_PATH='/home/michael/Codes/lib/pkgconfig:/home/michael/Codes/lib/pkgconfig:/usr/local/lib64/pkgconfig:/usr/local/share/pkgconfig:/usr/lib64/pkgconfig:/usr/share/pkgconfig:/usr/local/lib64/pkgconfig:/usr/local/share/pkgconfig'
RANLIB='ranlib'
SED='/usr/bin/sed'
SET_MAKE=''
SHELL='/bin/sh'
STRIP='strip'
VERSION='0.1.0'
ac_ct_AR='ar'
ac_ct_CC='gcc'
ac_ct_DUMPBIN=''
ac_ct_F77='g77'
am__EXEEXT_FALSE=''
am__EXEEXT_TRUE='#'
am__fastdepCC_FALSE='#'
am__fastdepCC_TRUE=''
am__include='include'
am__isrc=''
am__leading_dot='.'
am__nodep='_no'
am__quote=''
am__tar='$${TAR-tar} chof - "$$tardir"'
am__untar='$${TAR-tar} xf -'
bindir='${exec_prefix}/bin'
blas_libs='-lblas'
build='x86_64-pc-linux-gnu'
build_alias=''
build_cpu='x86_64'
build_os='linux-gnu'
build_vendor='pc'
datadir='${datarootdir}'
datarootdir='${prefix}/share'
docdir='${datarootdir}/doc/${PACKAGE_TARNAME}'
dvidir='${docdir}'
exec_prefix='${prefix}'
host='x86_64-pc-linux-gnu'
host_alias=''
host_cpu='x86_64'
host_os='linux-gnu'
host_vendor='pc'
htmldir='${docdir}'
includedir='${prefix}/include'
infodir='${datarootdir}/info'
install_sh='${SHELL} /home/michael/Codes/Libraries/agg/install-sh'
lapack_libs=''
libdir='${exec_prefix}/lib'
libexecdir='${exec_prefix}/libexec'
localedir='${datarootdir}/locale'
localstatedir='${prefix}/var'
mandir='${datarootdir}/man'
mkdir_p='$(MKDIR_P)'
oldincludedir='/usr/include'
pdfdir='${docdir}'
prefix='/home/michael/Codes'
program_transform_name='s,x,x,'
psdir='${docdir}'
sbindir='${exec_prefix}/sbin'
sharedstatedir='${prefix}/com'
sysconfdir='${prefix}/etc'
target_alias=''

## ----------- ##
## confdefs.h. ##
## ----------- ##

/* confdefs.h */
#define PACKAGE_NAME "agg"
#define PACKAGE_TARNAME "agg"
#define PACKAGE_VERSION "0.1.0"
#define PACKAGE_STRING "agg 0.1.0"
#define PACKAGE_BUGREPORT "codes@paraffinalia.co.uk"
#define PACKAGE_URL ""
#define PACKAGE "agg"
#define VERSION "0.1.0"
#define STDC_HEADERS 1
#define HAVE_SYS_TYPES_H 1
#define HAVE_SYS_STAT_H 1
#define HAVE_STDLIB_H 1
#define HAVE_STRING_H 1
#define HAVE_MEMORY_H 1
#define HAVE_STRINGS_H 1
#define HAVE_INTTYPES_H 1
#define HAVE_STDINT_H 1
#define HAVE_UNISTD_H 1
#define HAVE_DLFCN_H 1
#define LT_OBJDIR ".libs/"
#define STDC_HEADERS 1
#define HAVE_BLASWRAP 1
#define HAVE_AVX_INSTRUCTIONS 1
#define HAVE_AVX2_INSTRUCTIONS 1
#define HAVE_FMA_INSTRUCTIONS 1
#define HAVE_LIBM 1
#define F77_FUNC(name,NAME) name ## _
#define F77_FUNC_(name,NAME) name ## _
#define HAVE_BLAS 1
#define HAVE_LAPACK 1

configure: exit 0
